<?xml version="1.0" encoding="UTF-8"?>
<testsuite xmlns:xsi="http://www.w3.org/2001/XMLSchema-instance" xsi:noNamespaceSchemaLocation="https://maven.apache.org/surefire/maven-surefire-plugin/xsd/surefire-test-report.xsd" name="GSTest" time="0.006" tests="21" errors="0" skipped="0" failures="0">
  <properties>
    <property name="java.specification.version" value="18"/>
    <property name="sun.cpu.isalist" value="amd64"/>
    <property name="sun.jnu.encoding" value="Cp1252"/>
    <property name="java.class.path" value="C:\CS 342\GLMaven_Project1_F2022\target\test-classes;C:\CS 342\GLMaven_Project1_F2022\target\classes;C:\Users\sklhs\.m2\repository\org\junit\jupiter\junit-jupiter\5.6.2\junit-jupiter-5.6.2.jar;C:\Users\sklhs\.m2\repository\org\junit\jupiter\junit-jupiter-api\5.6.2\junit-jupiter-api-5.6.2.jar;C:\Users\sklhs\.m2\repository\org\apiguardian\apiguardian-api\1.1.0\apiguardian-api-1.1.0.jar;C:\Users\sklhs\.m2\repository\org\opentest4j\opentest4j\1.2.0\opentest4j-1.2.0.jar;C:\Users\sklhs\.m2\repository\org\junit\platform\junit-platform-commons\1.6.2\junit-platform-commons-1.6.2.jar;C:\Users\sklhs\.m2\repository\org\junit\jupiter\junit-jupiter-params\5.6.2\junit-jupiter-params-5.6.2.jar;C:\Users\sklhs\.m2\repository\org\junit\jupiter\junit-jupiter-engine\5.6.2\junit-jupiter-engine-5.6.2.jar;C:\Users\sklhs\.m2\repository\org\junit\platform\junit-platform-engine\1.6.2\junit-platform-engine-1.6.2.jar;"/>
    <property name="java.vm.vendor" value="Oracle Corporation"/>
    <property name="sun.arch.data.model" value="64"/>
    <property name="user.variant" value=""/>
    <property name="java.vendor.url" value="https://java.oracle.com/"/>
    <property name="user.timezone" value="America/Chicago"/>
    <property name="os.name" value="Windows 10"/>
    <property name="java.vm.specification.version" value="18"/>
    <property name="sun.java.launcher" value="SUN_STANDARD"/>
    <property name="user.country" value="US"/>
    <property name="sun.boot.library.path" value="C:\Program Files\Java\jdk-18.0.2.1\bin"/>
    <property name="sun.java.command" value="C:\Users\sklhs\AppData\Local\Temp\surefire14735188347883936948\surefirebooter10189046496172512131.jar C:\Users\sklhs\AppData\Local\Temp\surefire14735188347883936948 2022-10-02T01-12-20_174-jvmRun1 surefire778298114634276214tmp surefire_05914795233892039130tmp"/>
    <property name="jdk.debug" value="release"/>
    <property name="surefire.test.class.path" value="C:\CS 342\GLMaven_Project1_F2022\target\test-classes;C:\CS 342\GLMaven_Project1_F2022\target\classes;C:\Users\sklhs\.m2\repository\org\junit\jupiter\junit-jupiter\5.6.2\junit-jupiter-5.6.2.jar;C:\Users\sklhs\.m2\repository\org\junit\jupiter\junit-jupiter-api\5.6.2\junit-jupiter-api-5.6.2.jar;C:\Users\sklhs\.m2\repository\org\apiguardian\apiguardian-api\1.1.0\apiguardian-api-1.1.0.jar;C:\Users\sklhs\.m2\repository\org\opentest4j\opentest4j\1.2.0\opentest4j-1.2.0.jar;C:\Users\sklhs\.m2\repository\org\junit\platform\junit-platform-commons\1.6.2\junit-platform-commons-1.6.2.jar;C:\Users\sklhs\.m2\repository\org\junit\jupiter\junit-jupiter-params\5.6.2\junit-jupiter-params-5.6.2.jar;C:\Users\sklhs\.m2\repository\org\junit\jupiter\junit-jupiter-engine\5.6.2\junit-jupiter-engine-5.6.2.jar;C:\Users\sklhs\.m2\repository\org\junit\platform\junit-platform-engine\1.6.2\junit-platform-engine-1.6.2.jar;"/>
    <property name="sun.cpu.endian" value="little"/>
    <property name="user.home" value="C:\Users\sklhs"/>
    <property name="user.language" value="en"/>
    <property name="java.specification.vendor" value="Oracle Corporation"/>
    <property name="java.version.date" value="2022-08-18"/>
    <property name="java.home" value="C:\Program Files\Java\jdk-18.0.2.1"/>
    <property name="file.separator" value="\"/>
    <property name="basedir" value="C:\CS 342\GLMaven_Project1_F2022"/>
    <property name="java.vm.compressedOopsMode" value="Zero based"/>
    <property name="line.separator" value="&#10;"/>
    <property name="java.vm.specification.vendor" value="Oracle Corporation"/>
    <property name="java.specification.name" value="Java Platform API Specification"/>
    <property name="surefire.real.class.path" value="C:\Users\sklhs\AppData\Local\Temp\surefire14735188347883936948\surefirebooter10189046496172512131.jar"/>
    <property name="user.script" value=""/>
    <property name="sun.management.compiler" value="HotSpot 64-Bit Tiered Compilers"/>
    <property name="java.runtime.version" value="18.0.2.1+1-1"/>
    <property name="user.name" value="sklhs"/>
    <property name="path.separator" value=";"/>
    <property name="os.version" value="10.0"/>
    <property name="java.runtime.name" value="Java(TM) SE Runtime Environment"/>
    <property name="file.encoding" value="UTF-8"/>
    <property name="java.vm.name" value="Java HotSpot(TM) 64-Bit Server VM"/>
    <property name="localRepository" value="C:\Users\sklhs\.m2\repository"/>
    <property name="java.vendor.url.bug" value="https://bugreport.java.com/bugreport/"/>
    <property name="java.io.tmpdir" value="C:\Users\sklhs\AppData\Local\Temp\"/>
    <property name="java.version" value="18.0.2.1"/>
    <property name="user.dir" value="C:\CS 342\GLMaven_Project1_F2022"/>
    <property name="os.arch" value="amd64"/>
    <property name="java.vm.specification.name" value="Java Virtual Machine Specification"/>
    <property name="sun.os.patch.level" value=""/>
    <property name="native.encoding" value="Cp1252"/>
    <property name="java.library.path" value="C:\Program Files\Java\jdk-18.0.2.1\bin;C:\windows\Sun\Java\bin;C:\windows\system32;C:\windows;C:\Program Files\VanDyke Software\Clients\;C:\Program Files\Common Files\Oracle\Java\javapath;C:\Program Files (x86)\Common Files\Oracle\Java\javapath;C:\Python310\Scripts\;C:\Python310\;C:\windows\system32;C:\windows;C:\windows\System32\Wbem;C:\windows\System32\WindowsPowerShell\v1.0\;C:\windows\System32\OpenSSH\;C:\MinGW\bin;C:\Program Files\PuTTY\;C:\Program Files\nodejs\;C:\ProgramData\chocolatey\bin;C:\Program Files\Git\cmd;C:\Maven\apache-maven-3.8.6\bin;C:\Users\sklhs\AppData\Local\Programs\Python\Python39\Scripts\;C:\Users\sklhs\AppData\Local\Programs\Python\Python39\;C:\Users\sklhs\Anaconda3;C:\Users\sklhs\Anaconda3\Library\mingw-w64\bin;C:\Users\sklhs\Anaconda3\Library\usr\bin;C:\Users\sklhs\Anaconda3\Library\bin;C:\Users\sklhs\Anaconda3\Scripts;C:\windows\system32;C:\windows;C:\windows\System32\Wbem;C:\windows\System32\WindowsPowerShell\v1.0\;C:\windows\System32\OpenSSH\;C:\Users\sklhs\AppData\Local\Microsoft\WindowsApps;C:\Users\sklhs\AppData\Local\Programs\Microsoft VS Code\bin;C:\Python39\Scripts;C:\MinGW\bin;C:\Program Files\JetBrains\CLion 2021.2.3\bin;;C:\MinGW\bin;C:\Users\sklhs\AppData\Local\GitHubDesktop\bin;C:\Users\sklhs\AppData\Roaming\npm;."/>
    <property name="java.vm.info" value="mixed mode, sharing"/>
    <property name="java.vendor" value="Oracle Corporation"/>
    <property name="java.vm.version" value="18.0.2.1+1-1"/>
    <property name="sun.io.unicode.encoding" value="UnicodeLittle"/>
    <property name="java.class.version" value="62.0"/>
  </properties>
  <testcase name="checkQueueListIteratorNextIndex" classname="GSTest" time="0"/>
  <testcase name="checkStackIteratorhasNext" classname="GSTest" time="0"/>
  <testcase name="checkStackListSetHead" classname="GSTest" time="0"/>
  <testcase name="checkStackPrint" classname="GSTest" time="0.002"/>
  <testcase name="checkStackIteratorNext" classname="GSTest" time="0"/>
  <testcase name="forEach" classname="GSTest" time="0"/>
  <testcase name="checkStackIteratorPrevious" classname="GSTest" time="0"/>
  <testcase name="checkQueueListIteratorNext" classname="GSTest" time="0"/>
  <testcase name="checkQueueListIteratorPrev" classname="GSTest" time="0"/>
  <testcase name="checkStackRemoveTail" classname="GSTest" time="0"/>
  <testcase name="checkStackSetIndex" classname="GSTest" time="0.003"/>
  <testcase name="checkStackGetList" classname="GSTest" time="0"/>
  <testcase name="checkQueueListIteratorPrevIndex" classname="GSTest" time="0"/>
  <testcase name="checkQueueListIteratorHasPrev" classname="GSTest" time="0"/>
  <testcase name="checkStackDumpList" classname="GSTest" time="0"/>
  <testcase name="checkStackListIteratorHasNext" classname="GSTest" time="0"/>
  <testcase name="checkStackDelete" classname="GSTest" time="0"/>
  <testcase name="checkStackLength" classname="GSTest" time="0"/>
  <testcase name="checkStackRemove" classname="GSTest" time="0"/>
  <testcase name="checkStackIteratorHasPrevious" classname="GSTest" time="0"/>
  <testcase name="checkStackSetLength" classname="GSTest" time="0"/>
</testsuite>